<?xml version="1.0" encoding="UTF-8"?>
<!-- Generated by org.testng.reporters.JUnitReportReporter -->
<testsuite skipped="0" hostname="DESKTOP-I9K5FU1" name="guru99.gittest.AppTest" tests="1" failures="0" timestamp="25 Jun 2017 17:47:09 GMT" time="0.045" errors="0">
  <testcase name="testJ" time="0.045" classname="guru99.gittest.AppTest"/>
</testsuite> <!-- guru99.gittest.AppTest -->
