<?xml version="1.0" encoding="UTF-8"?>
<!-- Generated by org.testng.reporters.JUnitReportReporter -->
<testsuite skipped="0" hostname="DESKTOP-I9K5FU1" name="EthioTest1.AppTest" tests="1" failures="0" timestamp="01 Jul 2017 18:01:54 GMT" time="28.798" errors="0">
  <testcase name="ET1" time="28.798" classname="EthioTest1.AppTest"/>
</testsuite> <!-- EthioTest1.AppTest -->
